<?xml version="1.0" encoding="UTF-8"?>
<!-- Generated by org.testng.reporters.JUnitXMLReporter -->
<testsuite ignored="0" hostname="Flynn" failures="0" tests="5" name="Default test" time="28.927" errors="0" timestamp="2023-02-22T14:48:40 IST">
  <testcase classname="testPackBarclays.BarclayTestNG" name="Test1" time="0.265"/>
  <testcase classname="testPackBarclays.BarclayTestNG" name="Test2" time="9.514"/>
  <testcase classname="testPackBarclays.BarclayTestNG" name="Test3" time="9.624"/>
  <testcase classname="testPackBarclays.BarclayTestNG" name="Test4" time="0.05"/>
  <testcase classname="testPackBarclays.BarclayTestNG" name="Test5" time="0.03"/>
</testsuite> <!-- Default test -->
