<?xml version="1.0" encoding="UTF-8"?>
<!-- Generated by org.testng.reporters.JUnitXMLReporter -->
<testsuite ignored="0" hostname="Flynn" failures="0" tests="6" name="Chrome Test" time="75.148" errors="0" timestamp="2023-02-19T11:48:30 IST">
  <testcase classname="testNgPack.TestNgClass1" name="Test1" time="17.597"/>
  <testcase classname="testNgPack.TestNgClass1" name="Test2" time="13.93"/>
  <testcase classname="testNgPack.TestNgClass1" name="Test3" time="3.349"/>
  <testcase classname="testNgPack.TestNgClass1" name="Test4" time="4.992"/>
  <testcase classname="testNgPack.TestNgClass1" name="Test5" time="10.308"/>
  <testcase classname="testNgPack.TestNgClass1" name="Test6" time="3.568"/>
</testsuite> <!-- Chrome Test -->
