<?xml version="1.0" encoding="UTF-8"?>
<!-- Generated by org.testng.reporters.JUnitXMLReporter -->
<testsuite ignored="0" hostname="Flynn" failures="0" tests="6" name="Chrome Test" time="84.678" errors="0" timestamp="2023-03-02T12:51:00 IST">
  <testcase classname="testNgPack.TestNgClass1" name="Test1" time="23.228"/>
  <testcase classname="testNgPack.TestNgClass1" name="Test2" time="13.793"/>
  <testcase classname="testNgPack.TestNgClass1" name="Test3" time="5.042"/>
  <testcase classname="testNgPack.TestNgClass1" name="Test4" time="6.604"/>
  <testcase classname="testNgPack.TestNgClass1" name="Test5" time="11.795"/>
  <testcase classname="testNgPack.TestNgClass1" name="Test6" time="4.589"/>
</testsuite> <!-- Chrome Test -->
