<?xml version="1.0" encoding="UTF-8"?>
<testng-results ignored="0" total="1" passed="1" failed="0" skipped="0">
  <reporter-output>
  </reporter-output>
  <suite started-at="2023-03-02T16:14:13 IST" name="Default suite" finished-at="2023-03-02T16:14:21 IST" duration-ms="7294">
    <groups>
    </groups>
    <test started-at="2023-03-02T16:14:13 IST" name="Default test" finished-at="2023-03-02T16:14:21 IST" duration-ms="7294">
      <class name="testCases.TC_001_AccountRegistrationTest">
        <test-method is-config="true" signature="setup()[pri:0, instance:testCases.TC_001_AccountRegistrationTest@56cdfb3b]" started-at="2023-03-02T16:14:14 IST" name="setup" finished-at="2023-03-02T16:14:17 IST" duration-ms="3706" status="PASS">
          <reporter-output>
          </reporter-output>
        </test-method> <!-- setup -->
        <test-method signature="test_account_Registration()[pri:0, instance:testCases.TC_001_AccountRegistrationTest@56cdfb3b]" started-at="2023-03-02T16:14:17 IST" name="test_account_Registration" finished-at="2023-03-02T16:14:21 IST" duration-ms="3379" status="PASS">
          <reporter-output>
          </reporter-output>
        </test-method> <!-- test_account_Registration -->
        <test-method is-config="true" signature="tearDown()[pri:0, instance:testCases.TC_001_AccountRegistrationTest@56cdfb3b]" started-at="2023-03-02T16:14:21 IST" name="tearDown" finished-at="2023-03-02T16:14:21 IST" duration-ms="170" status="PASS">
          <reporter-output>
          </reporter-output>
        </test-method> <!-- tearDown -->
      </class> <!-- testCases.TC_001_AccountRegistrationTest -->
    </test> <!-- Default test -->
  </suite> <!-- Default suite -->
</testng-results>
