<?xml version="1.0" encoding="UTF-8"?>
<testng-results ignored="0" total="12" passed="11" failed="1" skipped="0">
  <reporter-output>
  </reporter-output>
  <suite started-at="2023-03-02T12:49:35 IST" name="Suite" finished-at="2023-03-02T12:52:32 IST" duration-ms="176938">
    <groups>
    </groups>
    <test started-at="2023-03-02T12:49:35 IST" name="Chrome Test" finished-at="2023-03-02T12:51:00 IST" duration-ms="84678">
      <class name="testNgPack.TestNgClass1">
        <test-method is-config="true" signature="openBrowser(java.lang.String)[pri:0, instance:testNgPack.TestNgClass1@429bffaa]" started-at="2023-03-02T12:49:35 IST" name="openBrowser" finished-at="2023-03-02T12:49:36 IST" duration-ms="1148" status="PASS">
          <params>
            <param index="0">
              <value>
                <![CDATA[Chrome]]>
              </value>
            </param>
          </params>
          <reporter-output>
          </reporter-output>
        </test-method> <!-- openBrowser -->
        <test-method is-config="true" signature="defaultDriver()[pri:0, instance:testNgPack.TestNgClass1@429bffaa]" started-at="2023-03-02T12:49:36 IST" name="defaultDriver" finished-at="2023-03-02T12:49:37 IST" duration-ms="369" status="PASS">
          <reporter-output>
          </reporter-output>
        </test-method> <!-- defaultDriver -->
        <test-method is-config="true" signature="beforeMethod()[pri:0, instance:testNgPack.TestNgClass1@429bffaa]" started-at="2023-03-02T12:49:37 IST" name="beforeMethod" finished-at="2023-03-02T12:49:40 IST" duration-ms="3020" status="PASS">
          <reporter-output>
          </reporter-output>
        </test-method> <!-- beforeMethod -->
        <test-method signature="Test1()[pri:0, instance:testNgPack.TestNgClass1@429bffaa]" started-at="2023-03-02T12:49:40 IST" name="Test1" finished-at="2023-03-02T12:50:03 IST" duration-ms="23228" status="PASS">
          <reporter-output>
          </reporter-output>
        </test-method> <!-- Test1 -->
        <test-method is-config="true" signature="beforeMethod()[pri:0, instance:testNgPack.TestNgClass1@429bffaa]" started-at="2023-03-02T12:50:03 IST" name="beforeMethod" finished-at="2023-03-02T12:50:06 IST" duration-ms="3011" status="PASS">
          <reporter-output>
          </reporter-output>
        </test-method> <!-- beforeMethod -->
        <test-method is-config="true" signature="afterMethod()[pri:0, instance:testNgPack.TestNgClass1@429bffaa]" started-at="2023-03-02T12:50:03 IST" name="afterMethod" finished-at="2023-03-02T12:50:03 IST" duration-ms="0" status="PASS">
          <reporter-output>
          </reporter-output>
        </test-method> <!-- afterMethod -->
        <test-method signature="Test2()[pri:0, instance:testNgPack.TestNgClass1@429bffaa]" started-at="2023-03-02T12:50:06 IST" name="Test2" finished-at="2023-03-02T12:50:20 IST" duration-ms="13793" status="PASS">
          <reporter-output>
          </reporter-output>
        </test-method> <!-- Test2 -->
        <test-method is-config="true" signature="beforeMethod()[pri:0, instance:testNgPack.TestNgClass1@429bffaa]" started-at="2023-03-02T12:50:20 IST" name="beforeMethod" finished-at="2023-03-02T12:50:23 IST" duration-ms="3018" status="PASS">
          <reporter-output>
          </reporter-output>
        </test-method> <!-- beforeMethod -->
        <test-method is-config="true" signature="afterMethod()[pri:0, instance:testNgPack.TestNgClass1@429bffaa]" started-at="2023-03-02T12:50:20 IST" name="afterMethod" finished-at="2023-03-02T12:50:20 IST" duration-ms="0" status="PASS">
          <reporter-output>
          </reporter-output>
        </test-method> <!-- afterMethod -->
        <test-method signature="Test3()[pri:0, instance:testNgPack.TestNgClass1@429bffaa]" started-at="2023-03-02T12:50:23 IST" name="Test3" finished-at="2023-03-02T12:50:28 IST" duration-ms="5042" status="PASS">
          <reporter-output>
          </reporter-output>
        </test-method> <!-- Test3 -->
        <test-method is-config="true" signature="beforeMethod()[pri:0, instance:testNgPack.TestNgClass1@429bffaa]" started-at="2023-03-02T12:50:28 IST" name="beforeMethod" finished-at="2023-03-02T12:50:31 IST" duration-ms="3011" status="PASS">
          <reporter-output>
          </reporter-output>
        </test-method> <!-- beforeMethod -->
        <test-method is-config="true" signature="afterMethod()[pri:0, instance:testNgPack.TestNgClass1@429bffaa]" started-at="2023-03-02T12:50:28 IST" name="afterMethod" finished-at="2023-03-02T12:50:28 IST" duration-ms="0" status="PASS">
          <reporter-output>
          </reporter-output>
        </test-method> <!-- afterMethod -->
        <test-method signature="Test4()[pri:0, instance:testNgPack.TestNgClass1@429bffaa]" started-at="2023-03-02T12:50:31 IST" name="Test4" finished-at="2023-03-02T12:50:38 IST" duration-ms="6604" status="PASS">
          <reporter-output>
          </reporter-output>
        </test-method> <!-- Test4 -->
        <test-method is-config="true" signature="beforeMethod()[pri:0, instance:testNgPack.TestNgClass1@429bffaa]" started-at="2023-03-02T12:50:38 IST" name="beforeMethod" finished-at="2023-03-02T12:50:41 IST" duration-ms="3019" status="PASS">
          <reporter-output>
          </reporter-output>
        </test-method> <!-- beforeMethod -->
        <test-method is-config="true" signature="afterMethod()[pri:0, instance:testNgPack.TestNgClass1@429bffaa]" started-at="2023-03-02T12:50:38 IST" name="afterMethod" finished-at="2023-03-02T12:50:38 IST" duration-ms="0" status="PASS">
          <reporter-output>
          </reporter-output>
        </test-method> <!-- afterMethod -->
        <test-method signature="Test5()[pri:0, instance:testNgPack.TestNgClass1@429bffaa]" started-at="2023-03-02T12:50:41 IST" name="Test5" finished-at="2023-03-02T12:50:52 IST" duration-ms="11795" status="PASS">
          <reporter-output>
          </reporter-output>
        </test-method> <!-- Test5 -->
        <test-method is-config="true" signature="afterMethod()[pri:0, instance:testNgPack.TestNgClass1@429bffaa]" started-at="2023-03-02T12:50:52 IST" name="afterMethod" finished-at="2023-03-02T12:50:52 IST" duration-ms="0" status="PASS">
          <reporter-output>
          </reporter-output>
        </test-method> <!-- afterMethod -->
        <test-method is-config="true" signature="beforeMethod()[pri:0, instance:testNgPack.TestNgClass1@429bffaa]" started-at="2023-03-02T12:50:52 IST" name="beforeMethod" finished-at="2023-03-02T12:50:55 IST" duration-ms="3003" status="PASS">
          <reporter-output>
          </reporter-output>
        </test-method> <!-- beforeMethod -->
        <test-method signature="Test6()[pri:0, instance:testNgPack.TestNgClass1@429bffaa]" started-at="2023-03-02T12:50:55 IST" name="Test6" finished-at="2023-03-02T12:51:00 IST" duration-ms="4589" status="PASS">
          <reporter-output>
          </reporter-output>
        </test-method> <!-- Test6 -->
        <test-method is-config="true" signature="afterMethod()[pri:0, instance:testNgPack.TestNgClass1@429bffaa]" started-at="2023-03-02T12:51:00 IST" name="afterMethod" finished-at="2023-03-02T12:51:00 IST" duration-ms="0" status="PASS">
          <reporter-output>
          </reporter-output>
        </test-method> <!-- afterMethod -->
        <test-method is-config="true" signature="afterclass()[pri:0, instance:testNgPack.TestNgClass1@429bffaa]" started-at="2023-03-02T12:51:00 IST" name="afterclass" finished-at="2023-03-02T12:51:00 IST" duration-ms="0" status="PASS">
          <reporter-output>
          </reporter-output>
        </test-method> <!-- afterclass -->
        <test-method is-config="true" signature="afterTest()[pri:0, instance:testNgPack.TestNgClass1@429bffaa]" started-at="2023-03-02T12:51:00 IST" name="afterTest" finished-at="2023-03-02T12:51:00 IST" duration-ms="0" status="PASS">
          <reporter-output>
          </reporter-output>
        </test-method> <!-- afterTest -->
      </class> <!-- testNgPack.TestNgClass1 -->
    </test> <!-- Chrome Test -->
    <test started-at="2023-03-02T12:51:00 IST" name="OperaBrowserTest" finished-at="2023-03-02T12:52:32 IST" duration-ms="92212">
      <class name="testNgPack.TestNgClass1">
        <test-method is-config="true" signature="beforeSuite()[pri:0, instance:testNgPack.TestNgClass1@7c24b813]" started-at="2023-03-02T12:49:35 IST" name="beforeSuite" finished-at="2023-03-02T12:49:35 IST" duration-ms="8" status="PASS">
          <reporter-output>
          </reporter-output>
        </test-method> <!-- beforeSuite -->
        <test-method is-config="true" signature="openBrowser(java.lang.String)[pri:0, instance:testNgPack.TestNgClass1@7c24b813]" started-at="2023-03-02T12:51:00 IST" name="openBrowser" finished-at="2023-03-02T12:51:04 IST" duration-ms="3965" status="PASS">
          <params>
            <param index="0">
              <value>
                <![CDATA[Opera]]>
              </value>
            </param>
          </params>
          <reporter-output>
          </reporter-output>
        </test-method> <!-- openBrowser -->
        <test-method is-config="true" signature="defaultDriver()[pri:0, instance:testNgPack.TestNgClass1@7c24b813]" started-at="2023-03-02T12:51:04 IST" name="defaultDriver" finished-at="2023-03-02T12:51:09 IST" duration-ms="4612" status="PASS">
          <reporter-output>
          </reporter-output>
        </test-method> <!-- defaultDriver -->
        <test-method is-config="true" signature="beforeMethod()[pri:0, instance:testNgPack.TestNgClass1@7c24b813]" started-at="2023-03-02T12:51:09 IST" name="beforeMethod" finished-at="2023-03-02T12:51:12 IST" duration-ms="3007" status="PASS">
          <reporter-output>
          </reporter-output>
        </test-method> <!-- beforeMethod -->
        <test-method signature="Test1()[pri:0, instance:testNgPack.TestNgClass1@7c24b813]" started-at="2023-03-02T12:51:12 IST" name="Test1" finished-at="2023-03-02T12:51:28 IST" duration-ms="16131" status="PASS">
          <reporter-output>
          </reporter-output>
        </test-method> <!-- Test1 -->
        <test-method is-config="true" signature="beforeMethod()[pri:0, instance:testNgPack.TestNgClass1@7c24b813]" started-at="2023-03-02T12:51:28 IST" name="beforeMethod" finished-at="2023-03-02T12:51:31 IST" duration-ms="3008" status="PASS">
          <reporter-output>
          </reporter-output>
        </test-method> <!-- beforeMethod -->
        <test-method is-config="true" signature="afterMethod()[pri:0, instance:testNgPack.TestNgClass1@7c24b813]" started-at="2023-03-02T12:51:28 IST" name="afterMethod" finished-at="2023-03-02T12:51:28 IST" duration-ms="0" status="PASS">
          <reporter-output>
          </reporter-output>
        </test-method> <!-- afterMethod -->
        <test-method signature="Test2()[pri:0, instance:testNgPack.TestNgClass1@7c24b813]" started-at="2023-03-02T12:51:31 IST" name="Test2" finished-at="2023-03-02T12:51:45 IST" duration-ms="13817" status="PASS">
          <reporter-output>
          </reporter-output>
        </test-method> <!-- Test2 -->
        <test-method is-config="true" signature="afterMethod()[pri:0, instance:testNgPack.TestNgClass1@7c24b813]" started-at="2023-03-02T12:51:45 IST" name="afterMethod" finished-at="2023-03-02T12:51:45 IST" duration-ms="0" status="PASS">
          <reporter-output>
          </reporter-output>
        </test-method> <!-- afterMethod -->
        <test-method is-config="true" signature="beforeMethod()[pri:0, instance:testNgPack.TestNgClass1@7c24b813]" started-at="2023-03-02T12:51:45 IST" name="beforeMethod" finished-at="2023-03-02T12:51:48 IST" duration-ms="3015" status="PASS">
          <reporter-output>
          </reporter-output>
        </test-method> <!-- beforeMethod -->
        <test-method signature="Test3()[pri:0, instance:testNgPack.TestNgClass1@7c24b813]" started-at="2023-03-02T12:51:48 IST" name="Test3" finished-at="2023-03-02T12:51:51 IST" duration-ms="3055" status="PASS">
          <reporter-output>
          </reporter-output>
        </test-method> <!-- Test3 -->
        <test-method is-config="true" signature="afterMethod()[pri:0, instance:testNgPack.TestNgClass1@7c24b813]" started-at="2023-03-02T12:51:51 IST" name="afterMethod" finished-at="2023-03-02T12:51:51 IST" duration-ms="16" status="PASS">
          <reporter-output>
          </reporter-output>
        </test-method> <!-- afterMethod -->
        <test-method is-config="true" signature="beforeMethod()[pri:0, instance:testNgPack.TestNgClass1@7c24b813]" started-at="2023-03-02T12:51:51 IST" name="beforeMethod" finished-at="2023-03-02T12:51:54 IST" duration-ms="3011" status="PASS">
          <reporter-output>
          </reporter-output>
        </test-method> <!-- beforeMethod -->
        <test-method signature="Test4()[pri:0, instance:testNgPack.TestNgClass1@7c24b813]" started-at="2023-03-02T12:51:54 IST" name="Test4" finished-at="2023-03-02T12:51:57 IST" duration-ms="2953" status="PASS">
          <reporter-output>
          </reporter-output>
        </test-method> <!-- Test4 -->
        <test-method is-config="true" signature="beforeMethod()[pri:0, instance:testNgPack.TestNgClass1@7c24b813]" started-at="2023-03-02T12:51:57 IST" name="beforeMethod" finished-at="2023-03-02T12:52:00 IST" duration-ms="3015" status="PASS">
          <reporter-output>
          </reporter-output>
        </test-method> <!-- beforeMethod -->
        <test-method is-config="true" signature="afterMethod()[pri:0, instance:testNgPack.TestNgClass1@7c24b813]" started-at="2023-03-02T12:51:57 IST" name="afterMethod" finished-at="2023-03-02T12:51:57 IST" duration-ms="0" status="PASS">
          <reporter-output>
          </reporter-output>
        </test-method> <!-- afterMethod -->
        <test-method signature="Test5()[pri:0, instance:testNgPack.TestNgClass1@7c24b813]" started-at="2023-03-02T12:52:00 IST" name="Test5" finished-at="2023-03-02T12:52:09 IST" duration-ms="9497" status="PASS">
          <reporter-output>
          </reporter-output>
        </test-method> <!-- Test5 -->
        <test-method is-config="true" signature="afterMethod()[pri:0, instance:testNgPack.TestNgClass1@7c24b813]" started-at="2023-03-02T12:52:09 IST" name="afterMethod" finished-at="2023-03-02T12:52:09 IST" duration-ms="0" status="PASS">
          <reporter-output>
          </reporter-output>
        </test-method> <!-- afterMethod -->
        <test-method is-config="true" signature="beforeMethod()[pri:0, instance:testNgPack.TestNgClass1@7c24b813]" started-at="2023-03-02T12:52:09 IST" name="beforeMethod" finished-at="2023-03-02T12:52:12 IST" duration-ms="3017" status="PASS">
          <reporter-output>
          </reporter-output>
        </test-method> <!-- beforeMethod -->
        <test-method signature="Test6()[pri:0, instance:testNgPack.TestNgClass1@7c24b813]" started-at="2023-03-02T12:52:12 IST" name="Test6" finished-at="2023-03-02T12:52:32 IST" duration-ms="20092" status="FAIL">
          <exception class="org.openqa.selenium.NoSuchElementException">
            <message>
              <![CDATA[no such element: Unable to locate element: {"method":"xpath","selector":"//a[contains(text(),'Next: Summary')]"}
  (Session info: chrome=110.0.5481.100)
  (Driver info: operadriver=109.0.5414.120 (168eebf2055fd26ca8c71787b7b3f9fe7c90d13d-refs/branch-heads/5414@{#1459}),platform=Windows NT 10.0.22621 x86_64) (WARNING: The server did not provide any stacktrace information)
Command duration or timeout: 0 milliseconds
For documentation on this error, please visit: https://www.seleniumhq.org/exceptions/no_such_element.html
Build info: version: '3.141.59', revision: 'e82be7d358', time: '2018-11-14T08:17:03'
System info: host: 'FLYNN', ip: '192.168.1.8', os.name: 'Windows 11', os.arch: 'amd64', os.version: '10.0', java.version: '17.0.5'
Driver info: org.openqa.selenium.opera.OperaDriver
Capabilities {acceptInsecureCerts: false, acceptSslCerts: false, browserConnectionEnabled: false, browserName: opera, cssSelectorsEnabled: true, databaseEnabled: false, goog:chromeOptions: {debuggerAddress: localhost:50261}, handlesAlerts: true, hasTouchScreen: false, javascriptEnabled: true, locationContextEnabled: true, mobileEmulationEnabled: false, nativeEvents: true, networkConnectionEnabled: false, opera: {operadriverVersion: 109.0.5414.120 (168eebf2055..., userDataDir: C:\Users\siddr\AppData\Loca...}, pageLoadStrategy: normal, platform: WINDOWS, platformName: WINDOWS, proxy: Proxy(), rotatable: false, setWindowRect: true, strictFileInteractability: false, takesHeapSnapshot: true, takesScreenshot: true, timeouts: {implicit: 0, pageLoad: 300000, script: 30000}, unexpectedAlertBehaviour: ignore, unhandledPromptBehavior: ignore, version: 110.0.5481.100, webStorageEnabled: true, webauthn:extension:credBlob: true, webauthn:extension:largeBlob: true, webauthn:virtualAuthenticators: true}
Session ID: 795f41d057b8b81e11dc8fa804693686
*** Element info: {Using=xpath, value=//a[contains(text(),'Next: Summary')]}]]>
            </message>
            <full-stacktrace>
              <![CDATA[org.openqa.selenium.NoSuchElementException: no such element: Unable to locate element: {"method":"xpath","selector":"//a[contains(text(),'Next: Summary')]"}
  (Session info: chrome=110.0.5481.100)
  (Driver info: operadriver=109.0.5414.120 (168eebf2055fd26ca8c71787b7b3f9fe7c90d13d-refs/branch-heads/5414@{#1459}),platform=Windows NT 10.0.22621 x86_64) (WARNING: The server did not provide any stacktrace information)
Command duration or timeout: 0 milliseconds
For documentation on this error, please visit: https://www.seleniumhq.org/exceptions/no_such_element.html
Build info: version: '3.141.59', revision: 'e82be7d358', time: '2018-11-14T08:17:03'
System info: host: 'FLYNN', ip: '192.168.1.8', os.name: 'Windows 11', os.arch: 'amd64', os.version: '10.0', java.version: '17.0.5'
Driver info: org.openqa.selenium.opera.OperaDriver
Capabilities {acceptInsecureCerts: false, acceptSslCerts: false, browserConnectionEnabled: false, browserName: opera, cssSelectorsEnabled: true, databaseEnabled: false, goog:chromeOptions: {debuggerAddress: localhost:50261}, handlesAlerts: true, hasTouchScreen: false, javascriptEnabled: true, locationContextEnabled: true, mobileEmulationEnabled: false, nativeEvents: true, networkConnectionEnabled: false, opera: {operadriverVersion: 109.0.5414.120 (168eebf2055..., userDataDir: C:\Users\siddr\AppData\Loca...}, pageLoadStrategy: normal, platform: WINDOWS, platformName: WINDOWS, proxy: Proxy(), rotatable: false, setWindowRect: true, strictFileInteractability: false, takesHeapSnapshot: true, takesScreenshot: true, timeouts: {implicit: 0, pageLoad: 300000, script: 30000}, unexpectedAlertBehaviour: ignore, unhandledPromptBehavior: ignore, version: 110.0.5481.100, webStorageEnabled: true, webauthn:extension:credBlob: true, webauthn:extension:largeBlob: true, webauthn:virtualAuthenticators: true}
Session ID: 795f41d057b8b81e11dc8fa804693686
*** Element info: {Using=xpath, value=//a[contains(text(),'Next: Summary')]}
at java.base/jdk.internal.reflect.NativeConstructorAccessorImpl.newInstance0(Native Method)
at java.base/jdk.internal.reflect.NativeConstructorAccessorImpl.newInstance(NativeConstructorAccessorImpl.java:77)
at java.base/jdk.internal.reflect.DelegatingConstructorAccessorImpl.newInstance(DelegatingConstructorAccessorImpl.java:45)
at java.base/java.lang.reflect.Constructor.newInstanceWithCaller(Constructor.java:499)
at java.base/java.lang.reflect.Constructor.newInstance(Constructor.java:480)
at org.openqa.selenium.remote.ErrorHandler.createThrowable(ErrorHandler.java:214)
at org.openqa.selenium.remote.ErrorHandler.throwIfResponseFailed(ErrorHandler.java:166)
at org.openqa.selenium.remote.http.JsonHttpResponseCodec.reconstructValue(JsonHttpResponseCodec.java:40)
at org.openqa.selenium.remote.http.AbstractHttpResponseCodec.decode(AbstractHttpResponseCodec.java:80)
at org.openqa.selenium.remote.http.AbstractHttpResponseCodec.decode(AbstractHttpResponseCodec.java:44)
at org.openqa.selenium.remote.HttpCommandExecutor.execute(HttpCommandExecutor.java:158)
at org.openqa.selenium.remote.service.DriverCommandExecutor.execute(DriverCommandExecutor.java:83)
at org.openqa.selenium.remote.RemoteWebDriver.execute(RemoteWebDriver.java:552)
at org.openqa.selenium.remote.RemoteWebDriver.findElement(RemoteWebDriver.java:323)
at org.openqa.selenium.remote.RemoteWebDriver.findElementByXPath(RemoteWebDriver.java:428)
at org.openqa.selenium.By$ByXPath.findElement(By.java:353)
at org.openqa.selenium.remote.RemoteWebDriver.findElement(RemoteWebDriver.java:315)
at org.openqa.selenium.support.pagefactory.DefaultElementLocator.findElement(DefaultElementLocator.java:69)
at org.openqa.selenium.support.pagefactory.internal.LocatingElementHandler.invoke(LocatingElementHandler.java:38)
at jdk.proxy2/jdk.proxy2.$Proxy19.click(Unknown Source)
at LexusPomClasses.SummaryPage.nextSum(SummaryPage.java:32)
at testNgPack.TestNgClass1.Test6(TestNgClass1.java:549)
at java.base/jdk.internal.reflect.NativeMethodAccessorImpl.invoke0(Native Method)
at java.base/jdk.internal.reflect.NativeMethodAccessorImpl.invoke(NativeMethodAccessorImpl.java:77)
at java.base/jdk.internal.reflect.DelegatingMethodAccessorImpl.invoke(DelegatingMethodAccessorImpl.java:43)
at java.base/java.lang.reflect.Method.invoke(Method.java:568)
at org.testng.internal.MethodInvocationHelper.invokeMethod(MethodInvocationHelper.java:133)
at org.testng.internal.TestInvoker.invokeMethod(TestInvoker.java:598)
at org.testng.internal.TestInvoker.invokeTestMethod(TestInvoker.java:173)
at org.testng.internal.MethodRunner.runInSequence(MethodRunner.java:46)
at org.testng.internal.TestInvoker$MethodInvocationAgent.invoke(TestInvoker.java:824)
at org.testng.internal.TestInvoker.invokeTestMethods(TestInvoker.java:146)
at org.testng.internal.TestMethodWorker.invokeTestMethods(TestMethodWorker.java:146)
at org.testng.internal.TestMethodWorker.run(TestMethodWorker.java:128)
at java.base/java.util.ArrayList.forEach(ArrayList.java:1511)
at org.testng.TestRunner.privateRun(TestRunner.java:794)
at org.testng.TestRunner.run(TestRunner.java:596)
at org.testng.SuiteRunner.runTest(SuiteRunner.java:377)
at org.testng.SuiteRunner.runSequentially(SuiteRunner.java:371)
at org.testng.SuiteRunner.privateRun(SuiteRunner.java:332)
at org.testng.SuiteRunner.run(SuiteRunner.java:276)
at org.testng.SuiteRunnerWorker.runSuite(SuiteRunnerWorker.java:53)
at org.testng.SuiteRunnerWorker.run(SuiteRunnerWorker.java:96)
at org.testng.TestNG.runSuitesSequentially(TestNG.java:1212)
at org.testng.TestNG.runSuitesLocally(TestNG.java:1134)
at org.testng.TestNG.runSuites(TestNG.java:1063)
at org.testng.TestNG.run(TestNG.java:1031)
at org.testng.remote.AbstractRemoteTestNG.run(AbstractRemoteTestNG.java:115)
at org.testng.remote.RemoteTestNG.initAndRun(RemoteTestNG.java:251)
at org.testng.remote.RemoteTestNG.main(RemoteTestNG.java:77)
]]>
            </full-stacktrace>
          </exception> <!-- org.openqa.selenium.NoSuchElementException -->
          <reporter-output>
          </reporter-output>
        </test-method> <!-- Test6 -->
        <test-method is-config="true" signature="afterTest()[pri:0, instance:testNgPack.TestNgClass1@7c24b813]" started-at="2023-03-02T12:52:32 IST" name="afterTest" finished-at="2023-03-02T12:52:32 IST" duration-ms="0" status="PASS">
          <reporter-output>
          </reporter-output>
        </test-method> <!-- afterTest -->
        <test-method is-config="true" signature="afterclass()[pri:0, instance:testNgPack.TestNgClass1@7c24b813]" started-at="2023-03-02T12:52:32 IST" name="afterclass" finished-at="2023-03-02T12:52:32 IST" duration-ms="0" status="PASS">
          <reporter-output>
          </reporter-output>
        </test-method> <!-- afterclass -->
        <test-method is-config="true" signature="afterMethod()[pri:0, instance:testNgPack.TestNgClass1@7c24b813]" started-at="2023-03-02T12:52:32 IST" name="afterMethod" finished-at="2023-03-02T12:52:32 IST" duration-ms="0" status="PASS">
          <reporter-output>
          </reporter-output>
        </test-method> <!-- afterMethod -->
        <test-method is-config="true" signature="afterSuite()[pri:0, instance:testNgPack.TestNgClass1@7c24b813]" started-at="2023-03-02T12:52:32 IST" name="afterSuite" finished-at="2023-03-02T12:52:32 IST" duration-ms="0" status="PASS">
          <reporter-output>
          </reporter-output>
        </test-method> <!-- afterSuite -->
      </class> <!-- testNgPack.TestNgClass1 -->
    </test> <!-- OperaBrowserTest -->
  </suite> <!-- Suite -->
</testng-results>
