<?xml version="1.0" encoding="UTF-8"?>
<testng-results ignored="0" total="12" passed="11" failed="1" skipped="0">
  <reporter-output>
  </reporter-output>
  <suite started-at="2023-02-19T11:47:15 IST" name="Suite" finished-at="2023-02-19T11:50:21 IST" duration-ms="186037">
    <groups>
    </groups>
    <test started-at="2023-02-19T11:47:15 IST" name="Chrome Test" finished-at="2023-02-19T11:48:30 IST" duration-ms="75148">
      <class name="testNgPack.TestNgClass1">
        <test-method is-config="true" signature="openBrowser(java.lang.String)[pri:0, instance:testNgPack.TestNgClass1@429bffaa]" started-at="2023-02-19T11:47:15 IST" name="openBrowser" finished-at="2023-02-19T11:47:18 IST" duration-ms="2648" status="PASS">
          <params>
            <param index="0">
              <value>
                <![CDATA[Chrome]]>
              </value>
            </param>
          </params>
          <reporter-output>
          </reporter-output>
        </test-method> <!-- openBrowser -->
        <test-method is-config="true" signature="defaultDriver()[pri:0, instance:testNgPack.TestNgClass1@429bffaa]" started-at="2023-02-19T11:47:18 IST" name="defaultDriver" finished-at="2023-02-19T11:47:18 IST" duration-ms="591" status="PASS">
          <reporter-output>
          </reporter-output>
        </test-method> <!-- defaultDriver -->
        <test-method is-config="true" signature="beforeMethod()[pri:0, instance:testNgPack.TestNgClass1@429bffaa]" started-at="2023-02-19T11:47:18 IST" name="beforeMethod" finished-at="2023-02-19T11:47:21 IST" duration-ms="3022" status="PASS">
          <reporter-output>
          </reporter-output>
        </test-method> <!-- beforeMethod -->
        <test-method signature="Test1()[pri:0, instance:testNgPack.TestNgClass1@429bffaa]" started-at="2023-02-19T11:47:21 IST" name="Test1" finished-at="2023-02-19T11:47:39 IST" duration-ms="17597" status="PASS">
          <reporter-output>
          </reporter-output>
        </test-method> <!-- Test1 -->
        <test-method is-config="true" signature="afterMethod()[pri:0, instance:testNgPack.TestNgClass1@429bffaa]" started-at="2023-02-19T11:47:39 IST" name="afterMethod" finished-at="2023-02-19T11:47:39 IST" duration-ms="0" status="PASS">
          <reporter-output>
          </reporter-output>
        </test-method> <!-- afterMethod -->
        <test-method is-config="true" signature="beforeMethod()[pri:0, instance:testNgPack.TestNgClass1@429bffaa]" started-at="2023-02-19T11:47:39 IST" name="beforeMethod" finished-at="2023-02-19T11:47:42 IST" duration-ms="3015" status="PASS">
          <reporter-output>
          </reporter-output>
        </test-method> <!-- beforeMethod -->
        <test-method signature="Test2()[pri:0, instance:testNgPack.TestNgClass1@429bffaa]" started-at="2023-02-19T11:47:42 IST" name="Test2" finished-at="2023-02-19T11:47:56 IST" duration-ms="13930" status="PASS">
          <reporter-output>
          </reporter-output>
        </test-method> <!-- Test2 -->
        <test-method is-config="true" signature="afterMethod()[pri:0, instance:testNgPack.TestNgClass1@429bffaa]" started-at="2023-02-19T11:47:56 IST" name="afterMethod" finished-at="2023-02-19T11:47:56 IST" duration-ms="0" status="PASS">
          <reporter-output>
          </reporter-output>
        </test-method> <!-- afterMethod -->
        <test-method is-config="true" signature="beforeMethod()[pri:0, instance:testNgPack.TestNgClass1@429bffaa]" started-at="2023-02-19T11:47:56 IST" name="beforeMethod" finished-at="2023-02-19T11:47:59 IST" duration-ms="3016" status="PASS">
          <reporter-output>
          </reporter-output>
        </test-method> <!-- beforeMethod -->
        <test-method signature="Test3()[pri:0, instance:testNgPack.TestNgClass1@429bffaa]" started-at="2023-02-19T11:47:59 IST" name="Test3" finished-at="2023-02-19T11:48:02 IST" duration-ms="3349" status="PASS">
          <reporter-output>
          </reporter-output>
        </test-method> <!-- Test3 -->
        <test-method is-config="true" signature="afterMethod()[pri:0, instance:testNgPack.TestNgClass1@429bffaa]" started-at="2023-02-19T11:48:02 IST" name="afterMethod" finished-at="2023-02-19T11:48:02 IST" duration-ms="1" status="PASS">
          <reporter-output>
          </reporter-output>
        </test-method> <!-- afterMethod -->
        <test-method is-config="true" signature="beforeMethod()[pri:0, instance:testNgPack.TestNgClass1@429bffaa]" started-at="2023-02-19T11:48:02 IST" name="beforeMethod" finished-at="2023-02-19T11:48:05 IST" duration-ms="3012" status="PASS">
          <reporter-output>
          </reporter-output>
        </test-method> <!-- beforeMethod -->
        <test-method signature="Test4()[pri:0, instance:testNgPack.TestNgClass1@429bffaa]" started-at="2023-02-19T11:48:05 IST" name="Test4" finished-at="2023-02-19T11:48:10 IST" duration-ms="4992" status="PASS">
          <reporter-output>
          </reporter-output>
        </test-method> <!-- Test4 -->
        <test-method is-config="true" signature="beforeMethod()[pri:0, instance:testNgPack.TestNgClass1@429bffaa]" started-at="2023-02-19T11:48:10 IST" name="beforeMethod" finished-at="2023-02-19T11:48:13 IST" duration-ms="3006" status="PASS">
          <reporter-output>
          </reporter-output>
        </test-method> <!-- beforeMethod -->
        <test-method is-config="true" signature="afterMethod()[pri:0, instance:testNgPack.TestNgClass1@429bffaa]" started-at="2023-02-19T11:48:10 IST" name="afterMethod" finished-at="2023-02-19T11:48:10 IST" duration-ms="0" status="PASS">
          <reporter-output>
          </reporter-output>
        </test-method> <!-- afterMethod -->
        <test-method signature="Test5()[pri:0, instance:testNgPack.TestNgClass1@429bffaa]" started-at="2023-02-19T11:48:13 IST" name="Test5" finished-at="2023-02-19T11:48:23 IST" duration-ms="10308" status="PASS">
          <reporter-output>
          </reporter-output>
        </test-method> <!-- Test5 -->
        <test-method is-config="true" signature="afterMethod()[pri:0, instance:testNgPack.TestNgClass1@429bffaa]" started-at="2023-02-19T11:48:23 IST" name="afterMethod" finished-at="2023-02-19T11:48:23 IST" duration-ms="1" status="PASS">
          <reporter-output>
          </reporter-output>
        </test-method> <!-- afterMethod -->
        <test-method is-config="true" signature="beforeMethod()[pri:0, instance:testNgPack.TestNgClass1@429bffaa]" started-at="2023-02-19T11:48:23 IST" name="beforeMethod" finished-at="2023-02-19T11:48:26 IST" duration-ms="3022" status="PASS">
          <reporter-output>
          </reporter-output>
        </test-method> <!-- beforeMethod -->
        <test-method signature="Test6()[pri:0, instance:testNgPack.TestNgClass1@429bffaa]" started-at="2023-02-19T11:48:26 IST" name="Test6" finished-at="2023-02-19T11:48:30 IST" duration-ms="3568" status="PASS">
          <reporter-output>
          </reporter-output>
        </test-method> <!-- Test6 -->
        <test-method is-config="true" signature="afterMethod()[pri:0, instance:testNgPack.TestNgClass1@429bffaa]" started-at="2023-02-19T11:48:30 IST" name="afterMethod" finished-at="2023-02-19T11:48:30 IST" duration-ms="0" status="PASS">
          <reporter-output>
          </reporter-output>
        </test-method> <!-- afterMethod -->
        <test-method is-config="true" signature="afterclass()[pri:0, instance:testNgPack.TestNgClass1@429bffaa]" started-at="2023-02-19T11:48:30 IST" name="afterclass" finished-at="2023-02-19T11:48:30 IST" duration-ms="2" status="PASS">
          <reporter-output>
          </reporter-output>
        </test-method> <!-- afterclass -->
        <test-method is-config="true" signature="afterTest()[pri:0, instance:testNgPack.TestNgClass1@429bffaa]" started-at="2023-02-19T11:48:30 IST" name="afterTest" finished-at="2023-02-19T11:48:30 IST" duration-ms="0" status="PASS">
          <reporter-output>
          </reporter-output>
        </test-method> <!-- afterTest -->
      </class> <!-- testNgPack.TestNgClass1 -->
    </test> <!-- Chrome Test -->
    <test started-at="2023-02-19T11:48:30 IST" name="OperaBrowserTest" finished-at="2023-02-19T11:50:21 IST" duration-ms="110832">
      <class name="testNgPack.TestNgClass1">
        <test-method is-config="true" signature="beforeSuite()[pri:0, instance:testNgPack.TestNgClass1@7c24b813]" started-at="2023-02-19T11:47:15 IST" name="beforeSuite" finished-at="2023-02-19T11:47:15 IST" duration-ms="8" status="PASS">
          <reporter-output>
          </reporter-output>
        </test-method> <!-- beforeSuite -->
        <test-method is-config="true" signature="openBrowser(java.lang.String)[pri:0, instance:testNgPack.TestNgClass1@7c24b813]" started-at="2023-02-19T11:48:30 IST" name="openBrowser" finished-at="2023-02-19T11:48:33 IST" duration-ms="2945" status="PASS">
          <params>
            <param index="0">
              <value>
                <![CDATA[Opera]]>
              </value>
            </param>
          </params>
          <reporter-output>
          </reporter-output>
        </test-method> <!-- openBrowser -->
        <test-method is-config="true" signature="defaultDriver()[pri:0, instance:testNgPack.TestNgClass1@7c24b813]" started-at="2023-02-19T11:48:33 IST" name="defaultDriver" finished-at="2023-02-19T11:48:34 IST" duration-ms="554" status="PASS">
          <reporter-output>
          </reporter-output>
        </test-method> <!-- defaultDriver -->
        <test-method is-config="true" signature="beforeMethod()[pri:0, instance:testNgPack.TestNgClass1@7c24b813]" started-at="2023-02-19T11:48:34 IST" name="beforeMethod" finished-at="2023-02-19T11:48:37 IST" duration-ms="3037" status="PASS">
          <reporter-output>
          </reporter-output>
        </test-method> <!-- beforeMethod -->
        <test-method signature="Test1()[pri:0, instance:testNgPack.TestNgClass1@7c24b813]" started-at="2023-02-19T11:48:37 IST" name="Test1" finished-at="2023-02-19T11:49:06 IST" duration-ms="29115" status="PASS">
          <reporter-output>
          </reporter-output>
        </test-method> <!-- Test1 -->
        <test-method is-config="true" signature="beforeMethod()[pri:0, instance:testNgPack.TestNgClass1@7c24b813]" started-at="2023-02-19T11:49:06 IST" name="beforeMethod" finished-at="2023-02-19T11:49:09 IST" duration-ms="3007" status="PASS">
          <reporter-output>
          </reporter-output>
        </test-method> <!-- beforeMethod -->
        <test-method is-config="true" signature="afterMethod()[pri:0, instance:testNgPack.TestNgClass1@7c24b813]" started-at="2023-02-19T11:49:06 IST" name="afterMethod" finished-at="2023-02-19T11:49:06 IST" duration-ms="0" status="PASS">
          <reporter-output>
          </reporter-output>
        </test-method> <!-- afterMethod -->
        <test-method signature="Test2()[pri:0, instance:testNgPack.TestNgClass1@7c24b813]" started-at="2023-02-19T11:49:09 IST" name="Test2" finished-at="2023-02-19T11:49:19 IST" duration-ms="10044" status="PASS">
          <reporter-output>
          </reporter-output>
        </test-method> <!-- Test2 -->
        <test-method is-config="true" signature="afterMethod()[pri:0, instance:testNgPack.TestNgClass1@7c24b813]" started-at="2023-02-19T11:49:19 IST" name="afterMethod" finished-at="2023-02-19T11:49:19 IST" duration-ms="1" status="PASS">
          <reporter-output>
          </reporter-output>
        </test-method> <!-- afterMethod -->
        <test-method is-config="true" signature="beforeMethod()[pri:0, instance:testNgPack.TestNgClass1@7c24b813]" started-at="2023-02-19T11:49:19 IST" name="beforeMethod" finished-at="2023-02-19T11:49:22 IST" duration-ms="3004" status="PASS">
          <reporter-output>
          </reporter-output>
        </test-method> <!-- beforeMethod -->
        <test-method signature="Test3()[pri:0, instance:testNgPack.TestNgClass1@7c24b813]" started-at="2023-02-19T11:49:22 IST" name="Test3" finished-at="2023-02-19T11:49:32 IST" duration-ms="10011" status="PASS">
          <reporter-output>
          </reporter-output>
        </test-method> <!-- Test3 -->
        <test-method is-config="true" signature="afterMethod()[pri:0, instance:testNgPack.TestNgClass1@7c24b813]" started-at="2023-02-19T11:49:32 IST" name="afterMethod" finished-at="2023-02-19T11:49:32 IST" duration-ms="0" status="PASS">
          <reporter-output>
          </reporter-output>
        </test-method> <!-- afterMethod -->
        <test-method is-config="true" signature="beforeMethod()[pri:0, instance:testNgPack.TestNgClass1@7c24b813]" started-at="2023-02-19T11:49:32 IST" name="beforeMethod" finished-at="2023-02-19T11:49:35 IST" duration-ms="3004" status="PASS">
          <reporter-output>
          </reporter-output>
        </test-method> <!-- beforeMethod -->
        <test-method signature="Test4()[pri:0, instance:testNgPack.TestNgClass1@7c24b813]" started-at="2023-02-19T11:49:35 IST" name="Test4" finished-at="2023-02-19T11:49:45 IST" duration-ms="10021" status="PASS">
          <reporter-output>
          </reporter-output>
        </test-method> <!-- Test4 -->
        <test-method is-config="true" signature="beforeMethod()[pri:0, instance:testNgPack.TestNgClass1@7c24b813]" started-at="2023-02-19T11:49:45 IST" name="beforeMethod" finished-at="2023-02-19T11:49:48 IST" duration-ms="3007" status="PASS">
          <reporter-output>
          </reporter-output>
        </test-method> <!-- beforeMethod -->
        <test-method is-config="true" signature="afterMethod()[pri:0, instance:testNgPack.TestNgClass1@7c24b813]" started-at="2023-02-19T11:49:45 IST" name="afterMethod" finished-at="2023-02-19T11:49:45 IST" duration-ms="0" status="PASS">
          <reporter-output>
          </reporter-output>
        </test-method> <!-- afterMethod -->
        <test-method signature="Test5()[pri:0, instance:testNgPack.TestNgClass1@7c24b813]" started-at="2023-02-19T11:49:48 IST" name="Test5" finished-at="2023-02-19T11:49:58 IST" duration-ms="10024" status="PASS">
          <reporter-output>
          </reporter-output>
        </test-method> <!-- Test5 -->
        <test-method is-config="true" signature="afterMethod()[pri:0, instance:testNgPack.TestNgClass1@7c24b813]" started-at="2023-02-19T11:49:58 IST" name="afterMethod" finished-at="2023-02-19T11:49:58 IST" duration-ms="0" status="PASS">
          <reporter-output>
          </reporter-output>
        </test-method> <!-- afterMethod -->
        <test-method is-config="true" signature="beforeMethod()[pri:0, instance:testNgPack.TestNgClass1@7c24b813]" started-at="2023-02-19T11:49:58 IST" name="beforeMethod" finished-at="2023-02-19T11:50:01 IST" duration-ms="3005" status="PASS">
          <reporter-output>
          </reporter-output>
        </test-method> <!-- beforeMethod -->
        <test-method signature="Test6()[pri:0, instance:testNgPack.TestNgClass1@7c24b813]" started-at="2023-02-19T11:50:01 IST" name="Test6" finished-at="2023-02-19T11:50:21 IST" duration-ms="20041" status="FAIL">
          <exception class="org.openqa.selenium.NoSuchElementException">
            <message>
              <![CDATA[no such element: Unable to locate element: {"method":"xpath","selector":"//a[contains(text(),'Next: Summary')]"}
  (Session info: chrome=109.0.5414.120)
  (Driver info: operadriver=109.0.5414.120 (168eebf2055fd26ca8c71787b7b3f9fe7c90d13d-refs/branch-heads/5414@{#1459}),platform=Windows NT 10.0.22621 x86_64) (WARNING: The server did not provide any stacktrace information)
Command duration or timeout: 0 milliseconds
For documentation on this error, please visit: https://www.seleniumhq.org/exceptions/no_such_element.html
Build info: version: '3.141.59', revision: 'e82be7d358', time: '2018-11-14T08:17:03'
System info: host: 'FLYNN', ip: '192.168.1.10', os.name: 'Windows 11', os.arch: 'amd64', os.version: '10.0', java.version: '17.0.5'
Driver info: org.openqa.selenium.opera.OperaDriver
Capabilities {acceptInsecureCerts: false, acceptSslCerts: false, browserConnectionEnabled: false, browserName: opera, cssSelectorsEnabled: true, databaseEnabled: false, goog:chromeOptions: {debuggerAddress: localhost:63814}, handlesAlerts: true, hasTouchScreen: false, javascriptEnabled: true, locationContextEnabled: true, mobileEmulationEnabled: false, nativeEvents: true, networkConnectionEnabled: false, opera: {operadriverVersion: 109.0.5414.120 (168eebf2055..., userDataDir: C:\Users\siddr\AppData\Loca...}, pageLoadStrategy: normal, platform: WINDOWS, platformName: WINDOWS, proxy: Proxy(), rotatable: false, setWindowRect: true, strictFileInteractability: false, takesHeapSnapshot: true, takesScreenshot: true, timeouts: {implicit: 0, pageLoad: 300000, script: 30000}, unexpectedAlertBehaviour: ignore, unhandledPromptBehavior: ignore, version: 109.0.5414.120, webStorageEnabled: true, webauthn:extension:credBlob: true, webauthn:extension:largeBlob: true, webauthn:virtualAuthenticators: true}
Session ID: ca258ac527e2e58e68ab46523f877d8a
*** Element info: {Using=xpath, value=//a[contains(text(),'Next: Summary')]}]]>
            </message>
            <full-stacktrace>
              <![CDATA[org.openqa.selenium.NoSuchElementException: no such element: Unable to locate element: {"method":"xpath","selector":"//a[contains(text(),'Next: Summary')]"}
  (Session info: chrome=109.0.5414.120)
  (Driver info: operadriver=109.0.5414.120 (168eebf2055fd26ca8c71787b7b3f9fe7c90d13d-refs/branch-heads/5414@{#1459}),platform=Windows NT 10.0.22621 x86_64) (WARNING: The server did not provide any stacktrace information)
Command duration or timeout: 0 milliseconds
For documentation on this error, please visit: https://www.seleniumhq.org/exceptions/no_such_element.html
Build info: version: '3.141.59', revision: 'e82be7d358', time: '2018-11-14T08:17:03'
System info: host: 'FLYNN', ip: '192.168.1.10', os.name: 'Windows 11', os.arch: 'amd64', os.version: '10.0', java.version: '17.0.5'
Driver info: org.openqa.selenium.opera.OperaDriver
Capabilities {acceptInsecureCerts: false, acceptSslCerts: false, browserConnectionEnabled: false, browserName: opera, cssSelectorsEnabled: true, databaseEnabled: false, goog:chromeOptions: {debuggerAddress: localhost:63814}, handlesAlerts: true, hasTouchScreen: false, javascriptEnabled: true, locationContextEnabled: true, mobileEmulationEnabled: false, nativeEvents: true, networkConnectionEnabled: false, opera: {operadriverVersion: 109.0.5414.120 (168eebf2055..., userDataDir: C:\Users\siddr\AppData\Loca...}, pageLoadStrategy: normal, platform: WINDOWS, platformName: WINDOWS, proxy: Proxy(), rotatable: false, setWindowRect: true, strictFileInteractability: false, takesHeapSnapshot: true, takesScreenshot: true, timeouts: {implicit: 0, pageLoad: 300000, script: 30000}, unexpectedAlertBehaviour: ignore, unhandledPromptBehavior: ignore, version: 109.0.5414.120, webStorageEnabled: true, webauthn:extension:credBlob: true, webauthn:extension:largeBlob: true, webauthn:virtualAuthenticators: true}
Session ID: ca258ac527e2e58e68ab46523f877d8a
*** Element info: {Using=xpath, value=//a[contains(text(),'Next: Summary')]}
at java.base/jdk.internal.reflect.NativeConstructorAccessorImpl.newInstance0(Native Method)
at java.base/jdk.internal.reflect.NativeConstructorAccessorImpl.newInstance(NativeConstructorAccessorImpl.java:77)
at java.base/jdk.internal.reflect.DelegatingConstructorAccessorImpl.newInstance(DelegatingConstructorAccessorImpl.java:45)
at java.base/java.lang.reflect.Constructor.newInstanceWithCaller(Constructor.java:499)
at java.base/java.lang.reflect.Constructor.newInstance(Constructor.java:480)
at org.openqa.selenium.remote.ErrorHandler.createThrowable(ErrorHandler.java:214)
at org.openqa.selenium.remote.ErrorHandler.throwIfResponseFailed(ErrorHandler.java:166)
at org.openqa.selenium.remote.http.JsonHttpResponseCodec.reconstructValue(JsonHttpResponseCodec.java:40)
at org.openqa.selenium.remote.http.AbstractHttpResponseCodec.decode(AbstractHttpResponseCodec.java:80)
at org.openqa.selenium.remote.http.AbstractHttpResponseCodec.decode(AbstractHttpResponseCodec.java:44)
at org.openqa.selenium.remote.HttpCommandExecutor.execute(HttpCommandExecutor.java:158)
at org.openqa.selenium.remote.service.DriverCommandExecutor.execute(DriverCommandExecutor.java:83)
at org.openqa.selenium.remote.RemoteWebDriver.execute(RemoteWebDriver.java:552)
at org.openqa.selenium.remote.RemoteWebDriver.findElement(RemoteWebDriver.java:323)
at org.openqa.selenium.remote.RemoteWebDriver.findElementByXPath(RemoteWebDriver.java:428)
at org.openqa.selenium.By$ByXPath.findElement(By.java:353)
at org.openqa.selenium.remote.RemoteWebDriver.findElement(RemoteWebDriver.java:315)
at org.openqa.selenium.support.pagefactory.DefaultElementLocator.findElement(DefaultElementLocator.java:69)
at org.openqa.selenium.support.pagefactory.internal.LocatingElementHandler.invoke(LocatingElementHandler.java:38)
at jdk.proxy2/jdk.proxy2.$Proxy19.click(Unknown Source)
at LexusPomClasses.SummaryPage.nextSum(SummaryPage.java:32)
at testNgPack.TestNgClass1.Test6(TestNgClass1.java:549)
at java.base/jdk.internal.reflect.NativeMethodAccessorImpl.invoke0(Native Method)
at java.base/jdk.internal.reflect.NativeMethodAccessorImpl.invoke(NativeMethodAccessorImpl.java:77)
at java.base/jdk.internal.reflect.DelegatingMethodAccessorImpl.invoke(DelegatingMethodAccessorImpl.java:43)
at java.base/java.lang.reflect.Method.invoke(Method.java:568)
at org.testng.internal.MethodInvocationHelper.invokeMethod(MethodInvocationHelper.java:133)
at org.testng.internal.TestInvoker.invokeMethod(TestInvoker.java:598)
at org.testng.internal.TestInvoker.invokeTestMethod(TestInvoker.java:173)
at org.testng.internal.MethodRunner.runInSequence(MethodRunner.java:46)
at org.testng.internal.TestInvoker$MethodInvocationAgent.invoke(TestInvoker.java:824)
at org.testng.internal.TestInvoker.invokeTestMethods(TestInvoker.java:146)
at org.testng.internal.TestMethodWorker.invokeTestMethods(TestMethodWorker.java:146)
at org.testng.internal.TestMethodWorker.run(TestMethodWorker.java:128)
at java.base/java.util.ArrayList.forEach(ArrayList.java:1511)
at org.testng.TestRunner.privateRun(TestRunner.java:794)
at org.testng.TestRunner.run(TestRunner.java:596)
at org.testng.SuiteRunner.runTest(SuiteRunner.java:377)
at org.testng.SuiteRunner.runSequentially(SuiteRunner.java:371)
at org.testng.SuiteRunner.privateRun(SuiteRunner.java:332)
at org.testng.SuiteRunner.run(SuiteRunner.java:276)
at org.testng.SuiteRunnerWorker.runSuite(SuiteRunnerWorker.java:53)
at org.testng.SuiteRunnerWorker.run(SuiteRunnerWorker.java:96)
at org.testng.TestNG.runSuitesSequentially(TestNG.java:1212)
at org.testng.TestNG.runSuitesLocally(TestNG.java:1134)
at org.testng.TestNG.runSuites(TestNG.java:1063)
at org.testng.TestNG.run(TestNG.java:1031)
at org.testng.remote.AbstractRemoteTestNG.run(AbstractRemoteTestNG.java:115)
at org.testng.remote.RemoteTestNG.initAndRun(RemoteTestNG.java:251)
at org.testng.remote.RemoteTestNG.main(RemoteTestNG.java:77)
]]>
            </full-stacktrace>
          </exception> <!-- org.openqa.selenium.NoSuchElementException -->
          <reporter-output>
          </reporter-output>
        </test-method> <!-- Test6 -->
        <test-method is-config="true" signature="afterclass()[pri:0, instance:testNgPack.TestNgClass1@7c24b813]" started-at="2023-02-19T11:50:21 IST" name="afterclass" finished-at="2023-02-19T11:50:21 IST" duration-ms="0" status="PASS">
          <reporter-output>
          </reporter-output>
        </test-method> <!-- afterclass -->
        <test-method is-config="true" signature="afterMethod()[pri:0, instance:testNgPack.TestNgClass1@7c24b813]" started-at="2023-02-19T11:50:21 IST" name="afterMethod" finished-at="2023-02-19T11:50:21 IST" duration-ms="0" status="PASS">
          <reporter-output>
          </reporter-output>
        </test-method> <!-- afterMethod -->
        <test-method is-config="true" signature="afterTest()[pri:0, instance:testNgPack.TestNgClass1@7c24b813]" started-at="2023-02-19T11:50:21 IST" name="afterTest" finished-at="2023-02-19T11:50:21 IST" duration-ms="0" status="PASS">
          <reporter-output>
          </reporter-output>
        </test-method> <!-- afterTest -->
        <test-method is-config="true" signature="afterSuite()[pri:0, instance:testNgPack.TestNgClass1@7c24b813]" started-at="2023-02-19T11:50:21 IST" name="afterSuite" finished-at="2023-02-19T11:50:21 IST" duration-ms="0" status="PASS">
          <reporter-output>
          </reporter-output>
        </test-method> <!-- afterSuite -->
      </class> <!-- testNgPack.TestNgClass1 -->
    </test> <!-- OperaBrowserTest -->
  </suite> <!-- Suite -->
</testng-results>
