<?xml version="1.0" encoding="UTF-8"?>
<testng-results ignored="0" total="2" passed="2" failed="0" skipped="0">
  <reporter-output>
  </reporter-output>
  <suite started-at="2023-02-20T15:22:38 IST" name="Default suite" finished-at="2023-02-20T15:22:49 IST" duration-ms="11120">
    <groups>
    </groups>
    <test started-at="2023-02-20T15:22:38 IST" name="Default test" finished-at="2023-02-20T15:22:49 IST" duration-ms="11120">
      <class name="testPackBarclays.BarclayTestNG">
        <test-method is-config="true" signature="a()[pri:0, instance:testPackBarclays.BarclayTestNG@57af006c]" started-at="2023-02-20T15:22:38 IST" name="a" finished-at="2023-02-20T15:22:42 IST" duration-ms="4114" status="PASS">
          <reporter-output>
          </reporter-output>
        </test-method> <!-- a -->
        <test-method is-config="true" signature="c()[pri:0, instance:testPackBarclays.BarclayTestNG@57af006c]" started-at="2023-02-20T15:22:42 IST" name="c" finished-at="2023-02-20T15:22:42 IST" duration-ms="0" status="PASS">
          <reporter-output>
          </reporter-output>
        </test-method> <!-- c -->
        <test-method signature="OtherBarclaySitesTest()[pri:0, instance:testPackBarclays.BarclayTestNG@57af006c]" started-at="2023-02-20T15:22:42 IST" name="OtherBarclaySitesTest" finished-at="2023-02-20T15:22:43 IST" duration-ms="236" status="PASS">
          <reporter-output>
          </reporter-output>
        </test-method> <!-- OtherBarclaySitesTest -->
        <test-method is-config="true" signature="afterMethod()[pri:0, instance:testPackBarclays.BarclayTestNG@57af006c]" started-at="2023-02-20T15:22:43 IST" name="afterMethod" finished-at="2023-02-20T15:22:43 IST" duration-ms="0" status="PASS">
          <reporter-output>
          </reporter-output>
        </test-method> <!-- afterMethod -->
        <test-method is-config="true" signature="c()[pri:0, instance:testPackBarclays.BarclayTestNG@57af006c]" started-at="2023-02-20T15:22:43 IST" name="c" finished-at="2023-02-20T15:22:43 IST" duration-ms="0" status="PASS">
          <reporter-output>
          </reporter-output>
        </test-method> <!-- c -->
        <test-method signature="PersonalBankingTest()[pri:0, instance:testPackBarclays.BarclayTestNG@57af006c]" started-at="2023-02-20T15:22:43 IST" name="PersonalBankingTest" finished-at="2023-02-20T15:22:49 IST" duration-ms="6725" status="PASS">
          <reporter-output>
          </reporter-output>
        </test-method> <!-- PersonalBankingTest -->
        <test-method is-config="true" signature="afterMethod()[pri:0, instance:testPackBarclays.BarclayTestNG@57af006c]" started-at="2023-02-20T15:22:49 IST" name="afterMethod" finished-at="2023-02-20T15:22:49 IST" duration-ms="0" status="PASS">
          <reporter-output>
          </reporter-output>
        </test-method> <!-- afterMethod -->
        <test-method is-config="true" signature="afterclass()[pri:0, instance:testPackBarclays.BarclayTestNG@57af006c]" started-at="2023-02-20T15:22:49 IST" name="afterclass" finished-at="2023-02-20T15:22:49 IST" duration-ms="1" status="PASS">
          <reporter-output>
          </reporter-output>
        </test-method> <!-- afterclass -->
      </class> <!-- testPackBarclays.BarclayTestNG -->
    </test> <!-- Default test -->
  </suite> <!-- Default suite -->
</testng-results>
